Log file open, 05/24/18 01:06:16
LogWindows: Failed to load 'aqProf.dll' (GetLastError=126)
LogWindows: File 'aqProf.dll' does not exist
LogWindows: Failed to load 'VtuneApi.dll' (GetLastError=126)
LogWindows: File 'VtuneApi.dll' does not exist
LogWindows: Failed to load 'VtuneApi32e.dll' (GetLastError=126)
LogWindows: File 'VtuneApi32e.dll' does not exist
LogInit: Display: Running engine for game: VirtualTour
LogInit: Display: Project file not found: ../../../VirtualTour/VirtualTour.uproject
LogInit: Display: 	Attempting to find via project info helper.
LogUProjectInfo: Found projects:
LogPlatformFile: Not using cached read wrapper
LogInit: Display: RandInit(-1084563524) SRandInit(-1084563524).
LogTaskGraph: Started task graph with 5 named threads and 14 total threads with 3 sets of task threads.
LogStats: Stats thread started at 0.277292
LogD3D11RHI: Aftermath initialized
LogPluginManager: Mounting plugin Paper2D
LogPluginManager: Mounting plugin LightPropagationVolume
LogPluginManager: Mounting plugin FacialAnimation
LogPluginManager: Mounting plugin CharacterAI
LogPluginManager: Mounting plugin HTML5Networking
LogPluginManager: Mounting plugin AvfMedia
LogPluginManager: Mounting plugin ImgMedia
LogPluginManager: Mounting plugin MediaCompositing
LogPluginManager: Mounting plugin WmfMedia
LogPluginManager: Mounting plugin TcpMessaging
LogPluginManager: Mounting plugin UdpMessaging
LogPluginManager: Mounting plugin ActorSequence
LogPluginManager: Mounting plugin OnlineSubsystem
LogPluginManager: Mounting plugin OnlineSubsystemNull
LogPluginManager: Mounting plugin OnlineSubsystemUtils
LogPluginManager: Mounting plugin AndroidPermission
LogPluginManager: Mounting plugin AppleARKit
LogPluginManager: Mounting plugin ArchVisCharacter
LogPluginManager: Mounting plugin CableComponent
LogPluginManager: Mounting plugin CustomMeshComponent
LogPluginManager: Mounting plugin ExampleDeviceProfileSelector
LogPluginManager: Mounting plugin ImmediatePhysics
LogPluginManager: Mounting plugin LocationServicesBPLibrary
LogPluginManager: Mounting plugin MobilePatchingUtils
LogPluginManager: Mounting plugin OculusVR
LogPluginManager: Mounting plugin PhysXVehicles
LogPluginManager: Mounting plugin ProceduralMeshComponent
LogPluginManager: Mounting plugin RuntimePhysXCooking
LogPluginManager: Mounting plugin SteamVR
LogPluginManager: Mounting plugin WindowsMoviePlayer
LogInit: Using libcurl 7.47.1
LogInit:  - built for x86_64-pc-win32
LogInit:  - supports SSL with OpenSSL/1.0.2g
LogInit:  - supports HTTP deflate (compression) using libz 1.2.8
LogInit:  - other features:
LogInit:      CURL_VERSION_SSL
LogInit:      CURL_VERSION_LIBZ
LogInit:      CURL_VERSION_IPV6
LogInit:      CURL_VERSION_ASYNCHDNS
LogInit:      CURL_VERSION_LARGEFILE
LogInit:      CURL_VERSION_IDN
LogInit:  CurlRequestOptions (configurable via config and command line):
LogInit:  - bVerifyPeer = false  - Libcurl will NOT verify peer certificate
LogInit:  - bUseHttpProxy = false  - Libcurl will NOT use HTTP proxy
LogInit:  - bDontReuseConnections = false  - Libcurl will reuse connections
LogInit:  - CertBundlePath = nullptr  - Libcurl will use whatever was configured at build time.
LogInit: Build: ++UE4+Release-4.18-CL-3832480
LogInit: Engine Version: 4.18.3-3832480+++UE4+Release-4.18
LogInit: Compatible Engine Version: 4.18.0-3709383+++UE4+Release-4.18
LogInit: Net CL: 3709383
LogDevObjectVersion: Number of dev versions registered: 16
LogDevObjectVersion:   Dev-Blueprints (B0D832E4-1F89-4F0D-ACCF-7EB736FD4AA2): 10
LogDevObjectVersion:   Dev-Build (E1C64328-A22C-4D53-A36C-8E866417BD8C): 0
LogDevObjectVersion:   Dev-Core (375EC13C-06E4-48FB-B500-84F0262A717E): 2
LogDevObjectVersion:   Dev-Editor (E4B068ED-F494-42E9-A231-DA0B2E46BB41): 20
LogDevObjectVersion:   Dev-Framework (CFFC743F-43B0-4480-9391-14DF171D2073): 30
LogDevObjectVersion:   Dev-Mobile (B02B49B5-BB20-44E9-A304-32B752E40360): 0
LogDevObjectVersion:   Dev-Networking (A4E4105C-59A1-49B5-A7C5-40C4547EDFEE): 0
LogDevObjectVersion:   Dev-Online (39C831C9-5AE6-47DC-9A44-9C173E1C8E7C): 0
LogDevObjectVersion:   Dev-Physics (78F01B33-EBEA-4F98-B9B4-84EACCB95AA2): 0
LogDevObjectVersion:   Dev-Platform (6631380F-2D4D-43E0-8009-CF276956A95A): 0
LogDevObjectVersion:   Dev-Rendering (12F88B9F-8875-4AFC-A67C-D90C383ABD29): 20
LogDevObjectVersion:   Dev-Sequencer (7B5AE74C-D270-4C10-A958-57980B212A5A): 4
LogDevObjectVersion:   Dev-VR (D7296918-1DD6-4BDD-9DE2-64A83CC13884): 0
LogDevObjectVersion:   Dev-LoadTimes (C2A15278-BFE7-4AFE-6C17-90FF531DF755): 1
LogDevObjectVersion:   Private-Geometry (6EACA3D4-40EC-4CC1-B786-8BED09428FC5): 1
LogDevObjectVersion:   Dev-AnimPhys (29E575DD-E0A3-4627-9D10-D276232CDCEA): 12
LogInit: Compiled (64-bit): Jan 12 2018 05:53:08
LogInit: Compiled with Visual C++: 19.00.24215.01
LogInit: Build Configuration: Development
LogInit: Branch Name: ++UE4+Release-4.18
LogInit: Command line:  
LogInit: Base directory: C:/Users/cgf14bum/Documents/VRImplementation/WindowsNoEditor/Engine/Binaries/Win64/
LogInit: Installed Engine Build: 0
LogInit: Presizing for max 2097152 objects, including 0 objects not considered by GC, pre-allocating 0 bytes for permanent pool.
LogStreaming: Display: Async Loading initialized: Event Driven Loader: true, Async Loading Thread: false
LogInit: Object subsystem initialized
[2018.05.24-00.06.16:693][  0]LogInit: Selected Device Profile: [WindowsNoEditor]
[2018.05.24-00.06.16:693][  0]LogInit: Applying CVar settings loaded from the selected device profile: [WindowsNoEditor]
[2018.05.24-00.06.16:697][  0]LogInit: Computer: MF116PC16
[2018.05.24-00.06.16:697][  0]LogInit: User: cgf14bum
[2018.05.24-00.06.16:697][  0]LogInit: CPU Page size=4096, Cores=4
[2018.05.24-00.06.16:697][  0]LogInit: High frequency timer resolution =3.914065 MHz
[2018.05.24-00.06.16:697][  0]LogMemory: Memory total: Physical=31.9GB (32GB approx)
[2018.05.24-00.06.16:697][  0]LogMemory: Platform Memory Stats for WindowsNoEditor
[2018.05.24-00.06.16:697][  0]LogMemory: Process Physical Memory: 95.91 MB used, 95.91 MB peak
[2018.05.24-00.06.16:697][  0]LogMemory: Process Virtual Memory: 107.25 MB used, 107.25 MB peak
[2018.05.24-00.06.16:698][  0]LogMemory: Physical Memory: 9843.70 MB used,  22863.36 MB free, 32707.05 MB total
[2018.05.24-00.06.16:698][  0]LogMemory: Virtual Memory: 367.97 MB used,  22863.36 MB free, 134217728.00 MB total
[2018.05.24-00.06.16:717][  0]LogInit: Using OS detected language (en-GB).
[2018.05.24-00.06.16:717][  0]LogInit: Using OS detected locale (en-GB).
[2018.05.24-00.06.16:717][  0]LogTextLocalizationManager: No specific localization for 'en-GB' exists, so the 'en' localization will be used.
[2018.05.24-00.06.16:755][  0]LogD3D11RHI: D3D11 adapters:
[2018.05.24-00.06.16:815][  0]LogD3D11RHI:    0. 'NVIDIA GeForce GTX 1080' (Feature Level 11_0)
[2018.05.24-00.06.16:815][  0]LogD3D11RHI:       8086/0/16353 MB DedicatedVideo/DedicatedSystem/SharedSystem, Outputs:1, VendorId:0x10de
[2018.05.24-00.06.16:817][  0]LogD3D11RHI:    1. 'Microsoft Basic Render Driver' (Feature Level 11_0)
[2018.05.24-00.06.16:817][  0]LogD3D11RHI:       0/0/16353 MB DedicatedVideo/DedicatedSystem/SharedSystem, Outputs:0, VendorId:0x1414
[2018.05.24-00.06.16:817][  0]LogD3D11RHI: Chosen D3D11 Adapter: 0
[2018.05.24-00.06.16:824][  0]LogD3D11RHI: Creating new Direct3DDevice
[2018.05.24-00.06.16:824][  0]LogD3D11RHI:     GPU DeviceId: 0x1b80 (for the marketing name, search the web for "GPU Device Id")
[2018.05.24-00.06.16:824][  0]LogWindows: EnumDisplayDevices:
[2018.05.24-00.06.16:825][  0]LogWindows:    0. 'NVIDIA GeForce GTX 1080' (P:1 D:1)
[2018.05.24-00.06.16:825][  0]LogWindows:    1. 'NVIDIA GeForce GTX 1080' (P:0 D:0)
[2018.05.24-00.06.16:825][  0]LogWindows:    2. 'NVIDIA GeForce GTX 1080' (P:0 D:0)
[2018.05.24-00.06.16:825][  0]LogWindows:    3. 'NVIDIA GeForce GTX 1080' (P:0 D:0)
[2018.05.24-00.06.16:826][  0]LogWindows: DebugString: GetVideoDriverDetailsInvalid PrimaryIsNotTheChoosenAdapter GetVideoDriverDetailsInvalid PrimaryIsNotTheChoosenAdapter GetVideoDriverDetailsInvalid PrimaryIsNotTheChoosenAdapter GetVideoDriverDetailsInvalid PrimaryIsNotTheChoosenAdapter FoundDriverCount:0 
[2018.05.24-00.06.16:826][  0]LogD3D11RHI:     Adapter Name: NVIDIA GeForce GTX 1080
[2018.05.24-00.06.16:826][  0]LogD3D11RHI:   Driver Version: Unknown (internal:Unknown, unified:Unknown)
[2018.05.24-00.06.16:826][  0]LogD3D11RHI:      Driver Date: Unknown
[2018.05.24-00.06.16:826][  0]LogRHI: Texture pool is 5660 MB (70% of 8086 MB)
[2018.05.24-00.06.16:851][  0]LogD3D11RHI: Async texture creation enabled
[2018.05.24-00.06.16:872][  0]LogD3D11RHI: GPU Timing Frequency: 1000.000000 (Debug: 2 1)
[2018.05.24-00.06.16:921][  0]LogMaterial: Verifying Global Shaders for PCD3D_SM5
[2018.05.24-00.06.16:922][  0]LogSlate: Using Freetype 2.6.0
[2018.05.24-00.06.16:922][  0]LogSlate: SlateFontCache - WITH_FREETYPE: 1, WITH_HARFBUZZ: 1
[2018.05.24-00.06.16:922][  0]LogSlate: SlateFontCache - WITH_FREETYPE: 1, WITH_HARFBUZZ: 1
[2018.05.24-00.06.16:966][  0]LogAssetRegistry: FAssetRegistry took 0.0103 seconds to start up
[2018.05.24-00.06.17:039][  0]LogPackageLocalizationCache: Processed 7 localized package path(s) for 2 prioritized culture(s) in 0.006115 seconds
[2018.05.24-00.06.17:045][  0]LogPakFile: New pak file ../../../VirtualTour/Content/Paks/VirtualTour-WindowsNoEditor.pak added to pak precacher.
[2018.05.24-00.06.17:289][  0]LogInit: Selected Device Profile: [WindowsNoEditor]
[2018.05.24-00.06.19:584][  0]LogNetVersion: VirtualTour , NetCL: 3709383, EngineNetVer: 2, GameNetVer: 0 (Checksum: 1494734370)
[2018.05.24-00.06.22:203][  0]LogInit: WinSock: version 1.1 (2.2), MaxSocks=32767, MaxUdp=65467
[2018.05.24-00.06.22:217][  0]LogMoviePlayer: Initializing movie player
[2018.05.24-00.06.22:268][  0]LogAndroidPermission: UAndroidPermissionCallbackProxy::GetInstance
[2018.05.24-00.06.22:268][  0]LogOcInput: OculusInput pre-init called
[2018.05.24-00.06.22:271][  0]LogUObjectArray: 31009 objects as part of root set at end of initial load.
[2018.05.24-00.06.22:271][  0]LogUObjectAllocator: 5801344 out of 0 bytes used by permanent object pool.
[2018.05.24-00.06.22:271][  0]LogUObjectArray: CloseDisregardForGC: 0/0 objects in disregard for GC pool
[2018.05.24-00.06.22:282][  0]LogEngine: Initializing Engine...
[2018.05.24-00.06.22:284][  0]LogHMD: Failed to initialize OpenVR with code 110
[2018.05.24-00.06.26:764][  0]LogStats: UGameplayTagsManager::ConstructGameplayTagTree: Construct from data asset -  0.000 s
[2018.05.24-00.06.26:764][  0]LogStats: UGameplayTagsManager::ConstructGameplayTagTree: GameplayTagTreeChangedEvent.Broadcast -  0.000 s
[2018.05.24-00.06.26:782][  0]LogInit: XAudio2 using 'HU282PPS-4 (NVIDIA High Definition Audio)' : 2 channels at 48 kHz using 16 bits per sample (channel mask 0x3)
[2018.05.24-00.06.26:797][  0]LogInit: FAudioDevice initialized.
[2018.05.24-00.06.26:808][  0]LogInit: Texture streaming: Enabled
[2018.05.24-00.06.26:812][  0]LogInit: Display: Game Engine Initialized.
[2018.05.24-00.06.26:812][  0]LogGameplayTags: Display: UGameplayTagsManager::DoneAddingNativeTags. DelegateIsBound: 0
[2018.05.24-00.06.26:819][  0]LogInit: Display: Starting Game.
[2018.05.24-00.06.26:819][  0]LogNet: Browse: /Game/FirstPersonBP/Maps/FirstPersonExampleMap?Name=Player
[2018.05.24-00.06.26:819][  0]LogLoad: LoadMap: /Game/FirstPersonBP/Maps/FirstPersonExampleMap?Name=Player
[2018.05.24-00.06.32:264][  0]LogAIModule: Creating AISystem for world FirstPersonExampleMap
[2018.05.24-00.06.32:264][  0]LogLoad: Game class is 'FirstPersonGameMode_C'
[2018.05.24-00.06.32:268][  0]LogPhysics: Warning: PopulatePhysXGeometryAndTransform(Convex): ConvexElem is missing ConvexMesh
[2018.05.24-00.06.32:268][  0]LogPhysics: Warning: ForeachShape(Convex): [/Game/FirstPersonBP/Anchor2/Anchor2.Anchor2] ScaledElem[0] invalid
[2018.05.24-00.06.32:268][  0]LogPhysics: Warning: PopulatePhysXGeometryAndTransform(Convex): ConvexElem is missing ConvexMesh
[2018.05.24-00.06.32:268][  0]LogPhysics: Warning: ForeachShape(Convex): [/Game/FirstPersonBP/Anchor2/Anchor2.Anchor2] ScaledElem[1] invalid
[2018.05.24-00.06.32:269][  0]LogPhysics: Warning: PopulatePhysXGeometryAndTransform(Convex): ConvexElem is missing ConvexMesh
[2018.05.24-00.06.32:269][  0]LogPhysics: Warning: ForeachShape(Convex): [/Game/FirstPersonBP/RocksExtra/MapRocks_bolder14.MapRocks_bolder14] ScaledElem[0] invalid
[2018.05.24-00.06.32:269][  0]LogPhysics: Warning: PopulatePhysXGeometryAndTransform(Convex): ConvexElem is missing ConvexMesh
[2018.05.24-00.06.32:269][  0]LogPhysics: Warning: ForeachShape(Convex): [/Game/FirstPersonBP/RocksExtra/MapRocks_bolder14.MapRocks_bolder14] ScaledElem[1] invalid
[2018.05.24-00.06.32:269][  0]LogPhysics: Warning: PopulatePhysXGeometryAndTransform(Convex): ConvexElem is missing ConvexMesh
[2018.05.24-00.06.32:269][  0]LogPhysics: Warning: ForeachShape(Convex): [/Game/FirstPersonBP/RocksExtra/MapRocks_bolder16.MapRocks_bolder16] ScaledElem[0] invalid
[2018.05.24-00.06.32:269][  0]LogPhysics: Warning: PopulatePhysXGeometryAndTransform(Convex): ConvexElem is missing ConvexMesh
[2018.05.24-00.06.32:269][  0]LogPhysics: Warning: ForeachShape(Convex): [/Game/FirstPersonBP/RocksExtra/MapRocks_bolder16.MapRocks_bolder16] ScaledElem[1] invalid
[2018.05.24-00.06.32:269][  0]LogPhysics: Warning: PopulatePhysXGeometryAndTransform(Convex): ConvexElem is missing ConvexMesh
[2018.05.24-00.06.32:269][  0]LogPhysics: Warning: ForeachShape(Convex): [/Game/FirstPersonBP/RocksExtra/MapRocks_bolder16.MapRocks_bolder16] ScaledElem[0] invalid
[2018.05.24-00.06.32:269][  0]LogPhysics: Warning: PopulatePhysXGeometryAndTransform(Convex): ConvexElem is missing ConvexMesh
[2018.05.24-00.06.32:269][  0]LogPhysics: Warning: ForeachShape(Convex): [/Game/FirstPersonBP/RocksExtra/MapRocks_bolder16.MapRocks_bolder16] ScaledElem[1] invalid
[2018.05.24-00.06.32:269][  0]LogPhysics: Warning: PopulatePhysXGeometryAndTransform(Convex): ConvexElem is missing ConvexMesh
[2018.05.24-00.06.32:269][  0]LogPhysics: Warning: ForeachShape(Convex): [/Game/FirstPersonBP/RocksExtra/MapRocks_bolder16.MapRocks_bolder16] ScaledElem[0] invalid
[2018.05.24-00.06.32:269][  0]LogPhysics: Warning: PopulatePhysXGeometryAndTransform(Convex): ConvexElem is missing ConvexMesh
[2018.05.24-00.06.32:269][  0]LogPhysics: Warning: ForeachShape(Convex): [/Game/FirstPersonBP/RocksExtra/MapRocks_bolder16.MapRocks_bolder16] ScaledElem[1] invalid
[2018.05.24-00.06.32:269][  0]LogPhysics: Warning: PopulatePhysXGeometryAndTransform(Convex): ConvexElem is missing ConvexMesh
[2018.05.24-00.06.32:269][  0]LogPhysics: Warning: ForeachShape(Convex): [/Game/FirstPersonBP/RocksExtra/MapRocks_bolder16.MapRocks_bolder16] ScaledElem[0] invalid
[2018.05.24-00.06.32:269][  0]LogPhysics: Warning: PopulatePhysXGeometryAndTransform(Convex): ConvexElem is missing ConvexMesh
[2018.05.24-00.06.32:269][  0]LogPhysics: Warning: ForeachShape(Convex): [/Game/FirstPersonBP/RocksExtra/MapRocks_bolder16.MapRocks_bolder16] ScaledElem[1] invalid
[2018.05.24-00.06.32:269][  0]LogPhysics: Warning: PopulatePhysXGeometryAndTransform(Convex): ConvexElem is missing ConvexMesh
[2018.05.24-00.06.32:269][  0]LogPhysics: Warning: ForeachShape(Convex): [/Game/FirstPersonBP/RocksExtra/MapRocks_bolder16.MapRocks_bolder16] ScaledElem[0] invalid
[2018.05.24-00.06.32:269][  0]LogPhysics: Warning: PopulatePhysXGeometryAndTransform(Convex): ConvexElem is missing ConvexMesh
[2018.05.24-00.06.32:269][  0]LogPhysics: Warning: ForeachShape(Convex): [/Game/FirstPersonBP/RocksExtra/MapRocks_bolder16.MapRocks_bolder16] ScaledElem[1] invalid
[2018.05.24-00.06.32:269][  0]LogPhysics: Warning: PopulatePhysXGeometryAndTransform(Convex): ConvexElem is missing ConvexMesh
[2018.05.24-00.06.32:269][  0]LogPhysics: Warning: ForeachShape(Convex): [/Game/FirstPersonBP/RocksExtra/MapRocks_bolder14.MapRocks_bolder14] ScaledElem[0] invalid
[2018.05.24-00.06.32:269][  0]LogPhysics: Warning: PopulatePhysXGeometryAndTransform(Convex): ConvexElem is missing ConvexMesh
[2018.05.24-00.06.32:269][  0]LogPhysics: Warning: ForeachShape(Convex): [/Game/FirstPersonBP/RocksExtra/MapRocks_bolder14.MapRocks_bolder14] ScaledElem[1] invalid
[2018.05.24-00.06.32:270][  0]LogPhysics: Warning: PopulatePhysXGeometryAndTransform(Convex): ConvexElem is missing ConvexMesh
[2018.05.24-00.06.32:270][  0]LogPhysics: Warning: ForeachShape(Convex): [/Game/FirstPersonBP/ChainsNoEntry/ChainsNoEntry_pTorus56.ChainsNoEntry_pTorus56] ScaledElem[0] invalid
[2018.05.24-00.06.32:270][  0]LogPhysics: Warning: PopulatePhysXGeometryAndTransform(Convex): ConvexElem is missing ConvexMesh
[2018.05.24-00.06.32:270][  0]LogPhysics: Warning: ForeachShape(Convex): [/Game/FirstPersonBP/ChainsNoEntry/ChainsNoEntry_pTorus57.ChainsNoEntry_pTorus57] ScaledElem[0] invalid
[2018.05.24-00.06.32:270][  0]LogPhysics: Warning: PopulatePhysXGeometryAndTransform(Convex): ConvexElem is missing ConvexMesh
[2018.05.24-00.06.32:270][  0]LogPhysics: Warning: ForeachShape(Convex): [/Game/FirstPersonBP/ChainsNoEntry/ChainsNoEntry_pTorus58.ChainsNoEntry_pTorus58] ScaledElem[0] invalid
[2018.05.24-00.06.32:270][  0]LogPhysics: Warning: PopulatePhysXGeometryAndTransform(Convex): ConvexElem is missing ConvexMesh
[2018.05.24-00.06.32:270][  0]LogPhysics: Warning: ForeachShape(Convex): [/Game/FirstPersonBP/ChainsNoEntry/ChainsNoEntry_pTorus59.ChainsNoEntry_pTorus59] ScaledElem[0] invalid
[2018.05.24-00.06.32:270][  0]LogPhysics: Warning: PopulatePhysXGeometryAndTransform(Convex): ConvexElem is missing ConvexMesh
[2018.05.24-00.06.32:270][  0]LogPhysics: Warning: ForeachShape(Convex): [/Game/FirstPersonBP/Anchor2/Anchor2.Anchor2] ScaledElem[0] invalid
[2018.05.24-00.06.32:270][  0]LogPhysics: Warning: PopulatePhysXGeometryAndTransform(Convex): ConvexElem is missing ConvexMesh
[2018.05.24-00.06.32:270][  0]LogPhysics: Warning: ForeachShape(Convex): [/Game/FirstPersonBP/Anchor2/Anchor2.Anchor2] ScaledElem[1] invalid
[2018.05.24-00.06.32:272][  0]LogPhysics: Warning: PopulatePhysXGeometryAndTransform(Convex): ConvexElem is missing ConvexMesh
[2018.05.24-00.06.32:272][  0]LogPhysics: Warning: ForeachShape(Convex): [/Game/FirstPersonBP/GreenMetalHut/GreenMetalHut_pSphere1_pSphere1.GreenMetalHut_pSphere1_pSphere1] ScaledElem[0] invalid
[2018.05.24-00.06.32:272][  0]LogPhysics: Warning: PopulatePhysXGeometryAndTransform(Convex): ConvexElem is missing ConvexMesh
[2018.05.24-00.06.32:272][  0]LogPhysics: Warning: ForeachShape(Convex): [/Game/FirstPersonBP/GreenMetalHut/GreenMetalHut_pSphere1_pSphere1.GreenMetalHut_pSphere1_pSphere1] ScaledElem[1] invalid
[2018.05.24-00.06.32:272][  0]LogPhysics: Warning: PopulatePhysXGeometryAndTransform(Convex): ConvexElem is missing ConvexMesh
[2018.05.24-00.06.32:272][  0]LogPhysics: Warning: ForeachShape(Convex): [/Game/FirstPersonBP/GreenMetalHut/GreenMetalHut_pSphere1_pSphere1.GreenMetalHut_pSphere1_pSphere1] ScaledElem[2] invalid
[2018.05.24-00.06.32:272][  0]LogPhysics: Warning: PopulatePhysXGeometryAndTransform(Convex): ConvexElem is missing ConvexMesh
[2018.05.24-00.06.32:272][  0]LogPhysics: Warning: ForeachShape(Convex): [/Game/FirstPersonBP/GreenMetalHut/GreenMetalHut_pSphere1_pSphere1.GreenMetalHut_pSphere1_pSphere1] ScaledElem[3] invalid
[2018.05.24-00.06.32:272][  0]LogPhysics: Warning: PopulatePhysXGeometryAndTransform(Convex): ConvexElem is missing ConvexMesh
[2018.05.24-00.06.32:272][  0]LogPhysics: Warning: ForeachShape(Convex): [/Game/FirstPersonBP/GreenMetalHut/GreenMetalHut_pSphere1_pSphere1.GreenMetalHut_pSphere1_pSphere1] ScaledElem[4] invalid
[2018.05.24-00.06.32:272][  0]LogPhysics: Warning: PopulatePhysXGeometryAndTransform(Convex): ConvexElem is missing ConvexMesh
[2018.05.24-00.06.32:272][  0]LogPhysics: Warning: ForeachShape(Convex): [/Game/FirstPersonBP/GreenMetalHut/GreenMetalHut_pSphere1_pSphere1.GreenMetalHut_pSphere1_pSphere1] ScaledElem[5] invalid
[2018.05.24-00.06.32:274][  0]LogWorld: Bringing World /Game/FirstPersonBP/Maps/FirstPersonExampleMap.FirstPersonExampleMap up for play (max tick rate 0) at 2018.05.24-01.06.32
[2018.05.24-00.06.32:274][  0]LogWorld: Bringing up level for play took: 0.008919
[2018.05.24-00.06.32:274][  0]LogGameMode: FindPlayerStart: PATHS NOT DEFINED or NO PLAYERSTART with positive rating
[2018.05.24-00.06.32:279][  0]LogLoad: Took 5.460469 seconds to LoadMap(/Game/FirstPersonBP/Maps/FirstPersonExampleMap)
[2018.05.24-00.06.32:309][  0]LogLoad: (Engine Initialization) Total time: 16.11 seconds
[2018.05.24-00.06.32:309][  0]LogExternalProfiler: Found external profiler: VSPerf
[2018.05.24-00.06.32:309][  0]LogExternalProfiler: Using external profiler: VSPerf
[2018.05.24-00.06.32:356][  0]LogRenderer: Reallocating scene render targets to support 2560x1440 Format 10 NumSamples 1 (Frame:1).
[2018.05.24-00.06.32:398][  0]LogSlate: Request Window 'VirtualTour (64-bit, PCD3D_SM5)' being destroyed
[2018.05.24-00.06.32:422][  0]LogSlate: Window 'VirtualTour (64-bit, PCD3D_SM5)' being destroyed
[2018.05.24-00.06.32:422][  0]LogWindowsTextInputMethodSystem: Display: IME system now deactivated.
[2018.05.24-00.06.32:426][  0]LogEngine: All Windows Closed
[2018.05.24-00.06.32:426][  0]LogWindows: FPlatformMisc::RequestExit(0)
[2018.05.24-00.06.33:301][  1]LogExit: Preparing to exit.
[2018.05.24-00.06.33:301][  1]LogMoviePlayer: Shutting down movie player
[2018.05.24-00.06.33:311][  1]LogExit: Game engine shut down
[2018.05.24-00.06.33:345][  1]LogExit: Object subsystem successfully closed.
[2018.05.24-00.06.33:375][  1]LogD3D11RHI: Shutdown
[2018.05.24-00.06.33:375][  1]LogD3D11RHI: CleanupD3DDevice
[2018.05.24-00.06.33:395][  1]LogD3D11RHI: ~FD3D11DynamicRHI
[2018.05.24-00.06.33:395][  1]LogModuleManager: Shutting down and abandoning module AutomationController (168)
[2018.05.24-00.06.33:395][  1]LogModuleManager: Shutting down and abandoning module AutomationWorker (166)
[2018.05.24-00.06.33:395][  1]LogModuleManager: Shutting down and abandoning module AIModule (164)
[2018.05.24-00.06.33:395][  1]LogModuleManager: Shutting down and abandoning module GameplayDebugger (163)
[2018.05.24-00.06.33:395][  1]LogModuleManager: Shutting down and abandoning module WmfMediaFactory (160)
[2018.05.24-00.06.33:395][  1]LogModuleManager: Shutting down and abandoning module OpenExrWrapper (158)
[2018.05.24-00.06.33:395][  1]LogModuleManager: Shutting down and abandoning module ImgMediaFactory (156)
[2018.05.24-00.06.33:395][  1]LogModuleManager: Shutting down and abandoning module AvfMediaFactory (154)
[2018.05.24-00.06.33:395][  1]LogModuleManager: Shutting down and abandoning module CharacterAI (152)
[2018.05.24-00.06.33:395][  1]LogModuleManager: Shutting down and abandoning module SessionServices (150)
[2018.05.24-00.06.33:395][  1]LogModuleManager: Shutting down and abandoning module MovieSceneTracks (148)
[2018.05.24-00.06.33:395][  1]LogModuleManager: Shutting down and abandoning module MovieScene (146)
[2018.05.24-00.06.33:395][  1]LogModuleManager: Shutting down and abandoning module GeometryCache (144)
[2018.05.24-00.06.33:395][  1]LogModuleManager: Shutting down and abandoning module StreamingPauseRendering (142)
[2018.05.24-00.06.33:395][  1]LogModuleManager: Shutting down and abandoning module AnalyticsET (140)
[2018.05.24-00.06.33:395][  1]LogModuleManager: Shutting down and abandoning module ProfilerService (138)
[2018.05.24-00.06.33:532][  1]LogModuleManager: Shutting down and abandoning module TaskGraph (136)
[2018.05.24-00.06.33:532][  1]LogModuleManager: Shutting down and abandoning module SteamVRController (134)
[2018.05.24-00.06.33:532][  1]LogModuleManager: Shutting down and abandoning module ProceduralMeshComponent (132)
[2018.05.24-00.06.33:532][  1]LogModuleManager: Shutting down and abandoning module OculusInput (130)
[2018.05.24-00.06.33:532][  1]LogModuleManager: Shutting down and abandoning module MobilePatchingUtils (128)
[2018.05.24-00.06.33:532][  1]LogModuleManager: Shutting down and abandoning module CustomMeshComponent (126)
[2018.05.24-00.06.33:532][  1]LogModuleManager: Shutting down and abandoning module CableComponent (124)
[2018.05.24-00.06.33:532][  1]LogModuleManager: Shutting down and abandoning module ArchVisCharacter (122)
[2018.05.24-00.06.33:532][  1]LogModuleManager: Shutting down and abandoning module AndroidPermission (120)
[2018.05.24-00.06.33:532][  1]LogModuleManager: Shutting down and abandoning module ActorSequence (116)
[2018.05.24-00.06.33:532][  1]LogModuleManager: Shutting down and abandoning module MediaCompositing (114)
[2018.05.24-00.06.33:532][  1]LogModuleManager: Shutting down and abandoning module HTML5Networking (112)
[2018.05.24-00.06.33:532][  1]LogModuleManager: Shutting down and abandoning module RuntimePhysXCooking (110)
[2018.05.24-00.06.33:532][  1]LogModuleManager: Shutting down and abandoning module PhysXVehicles (108)
[2018.05.24-00.06.33:532][  1]LogModuleManager: Shutting down and abandoning module LocationServicesBPLibrary (106)
[2018.05.24-00.06.33:532][  1]LogModuleManager: Shutting down and abandoning module ImmediatePhysics (104)
[2018.05.24-00.06.33:532][  1]LogModuleManager: Shutting down and abandoning module UdpMessaging (102)
[2018.05.24-00.06.33:532][  1]LogModuleManager: Shutting down and abandoning module TcpMessaging (100)
[2018.05.24-00.06.33:532][  1]LogModuleManager: Shutting down and abandoning module FacialAnimation (98)
[2018.05.24-00.06.33:532][  1]LogModuleManager: Shutting down and abandoning module LightPropagationVolumeRuntime (96)
[2018.05.24-00.06.33:532][  1]LogModuleManager: Shutting down and abandoning module Paper2D (94)
[2018.05.24-00.06.33:532][  1]LogModuleManager: Shutting down and abandoning module WindowsMoviePlayer (92)
[2018.05.24-00.06.33:532][  1]LogModuleManager: Shutting down and abandoning module WmfMedia (90)
[2018.05.24-00.06.33:541][  1]LogModuleManager: Shutting down and abandoning module ImgMedia (88)
[2018.05.24-00.06.33:541][  1]LogModuleManager: Shutting down and abandoning module PacketHandler (86)
[2018.05.24-00.06.33:541][  1]LogModuleManager: Shutting down and abandoning module ClothingSystemRuntime (84)
[2018.05.24-00.06.33:541][  1]LogModuleManager: Shutting down and abandoning module MediaAssets (82)
[2018.05.24-00.06.33:541][  1]LogModuleManager: Shutting down and abandoning module Overlay (80)
[2018.05.24-00.06.33:541][  1]LogModuleManager: Shutting down and abandoning module UMG (78)
[2018.05.24-00.06.33:541][  1]LogModuleManager: Shutting down and abandoning module SlateReflector (76)
[2018.05.24-00.06.33:541][  1]LogModuleManager: Shutting down and abandoning module Slate (74)
[2018.05.24-00.06.33:541][  1]LogModuleManager: Shutting down and abandoning module MRMesh (72)
[2018.05.24-00.06.33:541][  1]LogModuleManager: Shutting down and abandoning module Messaging (70)
[2018.05.24-00.06.33:541][  1]LogModuleManager: Shutting down and abandoning module HeadMountedDisplay (68)
[2018.05.24-00.06.33:541][  1]LogModuleManager: Shutting down and abandoning module XAudio2 (66)
[2018.05.24-00.06.33:541][  1]LogModuleManager: Shutting down and abandoning module Networking (64)
[2018.05.24-00.06.33:541][  1]LogModuleManager: Shutting down and abandoning module Core (60)
[2018.05.24-00.06.33:541][  1]LogModuleManager: Shutting down and abandoning module LevelSequence (58)
[2018.05.24-00.06.33:541][  1]LogModuleManager: Shutting down and abandoning module Media (56)
[2018.05.24-00.06.33:547][  1]LogModuleManager: Shutting down and abandoning module ImageWrapper (52)
[2018.05.24-00.06.33:547][  1]LogModuleManager: Shutting down and abandoning module InputCore (50)
[2018.05.24-00.06.33:547][  1]LogModuleManager: Shutting down and abandoning module PhysXCooking (48)
[2018.05.24-00.06.33:547][  1]LogModuleManager: Shutting down and abandoning module SteamVR (46)
[2018.05.24-00.06.33:547][  1]LogModuleManager: Shutting down and abandoning module OculusHMD (44)
[2018.05.24-00.06.33:547][  1]LogModuleManager: Shutting down and abandoning module ExampleDeviceProfileSelector (42)
[2018.05.24-00.06.33:547][  1]LogModuleManager: Shutting down and abandoning module AppleARKit (40)
[2018.05.24-00.06.33:547][  1]LogModuleManager: Shutting down and abandoning module AugmentedReality (39)
[2018.05.24-00.06.33:547][  1]LogModuleManager: Shutting down and abandoning module OnlineSubsystem (34)
[2018.05.24-00.06.33:547][  1]LogModuleManager: Shutting down and abandoning module HTTP (33)
[2018.05.24-00.06.33:547][  1]LogHttp: Display: Http module shutting down, but needs to wait on 1 outstanding Http requests:
[2018.05.24-00.06.33:547][  1]LogHttp: Display: 	verb=[POST] url=[https://datarouter.ol.epicgames.com/datarouter/api/v1/public/data?SessionID=%7BF01D51AD-4832-F8FE-82E9-DA8D05C9D884%7D&AppID=UEGame.Rocket.Release%7CAF781F2D44FC8A52FEC1EC92DA2AC3F6%7CCarrickARedeVirtualTour&AppVersion=4.18.3-3832480%2B%2B%2BUE4%2BRelease-4.18&UserID=ANON-%7B91F77B29-40EF-BCA2-C709-19924C6F0CC0%7D%7C%7C&AppEnvironment=datacollector-binary&UploadType=eteventstream] status=Processing
[2018.05.24-00.06.33:550][  1]LogHttp: Display: Sleeping 0.5s to wait for 1 outstanding Http requests.
[2018.05.24-00.06.34:072][  1]LogModuleManager: Shutting down and abandoning module SSL (32)
[2018.05.24-00.06.34:072][  1]LogModuleManager: Shutting down and abandoning module ShaderCore (28)
[2018.05.24-00.06.34:072][  1]LogModuleManager: Shutting down and abandoning module Landscape (26)
[2018.05.24-00.06.34:072][  1]LogModuleManager: Shutting down and abandoning module SlateRHIRenderer (24)
[2018.05.24-00.06.34:072][  1]LogModuleManager: Shutting down and abandoning module OpenGLDrv (22)
[2018.05.24-00.06.34:072][  1]LogModuleManager: Shutting down and abandoning module D3D11RHI (20)
[2018.05.24-00.06.34:072][  1]LogModuleManager: Shutting down and abandoning module AnimGraphRuntime (18)
[2018.05.24-00.06.34:072][  1]LogModuleManager: Shutting down and abandoning module Renderer (16)
[2018.05.24-00.06.34:072][  1]LogModuleManager: Shutting down and abandoning module Engine (14)
[2018.05.24-00.06.34:072][  1]LogModuleManager: Shutting down and abandoning module CoreUObject (12)
[2018.05.24-00.06.34:072][  1]LogModuleManager: Shutting down and abandoning module NetworkFile (10)
[2018.05.24-00.06.34:072][  1]LogModuleManager: Shutting down and abandoning module CookedIterativeFile (8)
[2018.05.24-00.06.34:072][  1]LogModuleManager: Shutting down and abandoning module StreamingFile (6)
[2018.05.24-00.06.34:072][  1]LogModuleManager: Shutting down and abandoning module SandboxFile (4)
[2018.05.24-00.06.34:072][  1]LogModuleManager: Shutting down and abandoning module PakFile (2)
[2018.05.24-00.06.34:074][  1]LogExit: Exiting.
[2018.05.24-00.06.34:074][  1]Log file closed, 05/24/18 01:06:34
